Arguments: 
  C:\Program Files\nodejs\node.exe C:\Users\mskot\AppData\Roaming\npm\node_modules\yarn\bin\yarn.js install

PATH: 
  C:\WINDOWS\system32;C:\WINDOWS;C:\WINDOWS\System32\Wbem;C:\WINDOWS\System32\WindowsPowerShell\v1.0\;C:\WINDOWS\System32\OpenSSH\;C:\Program Files\mingw-w64\mingw64\bin;C:\Program Files (x86)\Intel\Intel(R) Management Engine Components\DAL;C:\Program Files\Intel\Intel(R) Management Engine Components\DAL;C:\Program Files\PuTTY\;C:\Program Files\nodejs\;C:\Program Files\Git\cmd;C:\ProgramData\chocolatey\bin;C:\Program Files (x86)\dotnet\;C:\Program Files\Docker\Docker\resources\bin;C:\Program Files\MySQL\MySQL Shell 8.0\bin\;C:\Users\mskot\anaconda3;C:\Users\mskot\anaconda3\Library\mingw-w64\bin;C:\Users\mskot\anaconda3\Library\usr\bin;C:\Users\mskot\anaconda3\Library\bin;C:\Users\mskot\anaconda3\Scripts;C:\Users\mskot\AppData\Local\Programs\Python\Python39\Scripts\;C:\Users\mskot\AppData\Local\Programs\Python\Python39\;C:\Users\mskot\AppData\Local\Microsoft\WindowsApps;C:\Users\mskot\AppData\Local\atom\bin;C:\Users\mskot\AppData\Local\Programs\Microsoft VS Code\bin;C:\Users\mskot\AppData\Local\GitHubDesktop\bin;C:\Users\mskot\AppData\Roaming\npm;C:\Program Files\MongoDB\Server\5.0\bin;C:\Program Files\heroku\bin

Yarn version: 
  1.22.19

Node version: 
  16.13.0

Platform: 
  win32 x64

Trace: 
  Error: https://registry.yarnpkg.com/node-sass/-/node-sass-4.14.1.tgz: ETIMEDOUT
      at Timeout._onTimeout (C:\Users\mskot\AppData\Roaming\npm\node_modules\yarn\lib\cli.js:141550:19)
      at listOnTimeout (node:internal/timers:557:17)
      at processTimers (node:internal/timers:500:7)

npm manifest: 
  {
    "name": "dashboard",
    "version": "1.0.0",
    "scripts": {
      "test": "echo \"Error: no test specified\" && exit 1"
    },
    "dependencies": {
      "chart.js": "^2.9.4",
      "primeflex": "^2.0.0",
      "primeicons": "^4.0.0",
      "primevue": "^3.0.1",
      "vue": "^3.0.0"
    },
    "devDependencies": {
      "@babel/core": "^7.12.3",
      "@babel/plugin-transform-runtime": "^7.12.1",
      "@babel/preset-env": "^7.12.1",
      "@vue/compiler-sfc": "^3.0.2",
      "babel-loader": "^8.1.0",
      "css-loader": "^5.0.0",
      "file-loader": "^6.2.0",
      "html-webpack-plugin": "^4.5.0",
      "node-sass": "^4.14.1",
      "sass-loader": "^10.0.4",
      "style-loader": "^2.0.0",
      "vue-loader": "^16.0.0-beta.9",
      "vue-style-loader": "^4.1.2",
      "webpack": "^5.4.0",
      "webpack-cli": "^4.1.0",
      "webpack-dev-server": "^3.11.0",
      "webpack-merge": "^5.2.0"
    }
  }

yarn manifest: 
  No manifest

Lockfile: 
  No lockfile
